<?xml version="1.0" encoding="UTF-8"?>
<!-- Generated by org.testng.reporters.JUnitXMLReporter -->
<testsuite ignored="2" hostname="DESKTOP-06A0VIV" failures="0" tests="2" name="Default test" time="4.694" errors="0" timestamp="2021-06-01T16:45:20 IST">
  <testcase classname="IBM.RestAssuredAssignment.RestAssuredJavaClass" name="jsonbodyNested" time="3.323"/>
  <testcase classname="IBM.RestAssuredAssignment.RestAssuredJavaClass" name="jsonbodyNested" time="0.078"/>
  <testcase classname="IBM.RestAssuredAssignment.RestAssuredJavaClass" name="datasourceexample" time="0.0">
    <ignored/>
  </testcase> <!-- datasourceexample -->
  <testcase classname="IBM.RestAssuredAssignment.RestAssuredJavaClass" name="soapexample" time="0.0">
    <ignored/>
  </testcase> <!-- soapexample -->
</testsuite> <!-- Default test -->
