<?xml version="1.0" encoding="UTF-8"?>
<testng-results ignored="2" total="4" passed="2" failed="0" skipped="0">
  <reporter-output>
  </reporter-output>
  <suite started-at="2021-06-01T16:45:15 IST" name="Default suite" finished-at="2021-06-01T16:45:20 IST" duration-ms="4694">
    <groups>
    </groups>
    <test started-at="2021-06-01T16:45:15 IST" name="Default test" finished-at="2021-06-01T16:45:20 IST" duration-ms="4694">
      <class name="IBM.RestAssuredAssignment.RestAssuredJavaClass">
        <test-method signature="jsonbodyNested(java.lang.String,java.lang.String,java.lang.String)[pri:0, instance:IBM.RestAssuredAssignment.RestAssuredJavaClass@193f604a]" started-at="2021-06-01T16:45:16 IST" name="jsonbodyNested" data-provider="NestedvaluesfromExcel" finished-at="2021-06-01T16:45:20 IST" duration-ms="3323" status="PASS">
          <params>
            <param index="0">
              <value>
                <![CDATA[Jitendra]]>
              </value>
            </param>
            <param index="1">
              <value>
                <![CDATA[Nagar]]>
              </value>
            </param>
            <param index="2">
              <value>
                <![CDATA[Bablu]]>
              </value>
            </param>
          </params>
          <reporter-output>
          </reporter-output>
        </test-method> <!-- jsonbodyNested -->
        <test-method signature="jsonbodyNested(java.lang.String,java.lang.String,java.lang.String)[pri:0, instance:IBM.RestAssuredAssignment.RestAssuredJavaClass@193f604a]" started-at="2021-06-01T16:45:20 IST" name="jsonbodyNested" data-provider="NestedvaluesfromExcel" finished-at="2021-06-01T16:45:20 IST" duration-ms="78" status="PASS">
          <params>
            <param index="0">
              <value>
                <![CDATA[Priyanka]]>
              </value>
            </param>
            <param index="1">
              <value>
                <![CDATA[Baisla]]>
              </value>
            </param>
            <param index="2">
              <value>
                <![CDATA[Gudiya]]>
              </value>
            </param>
          </params>
          <reporter-output>
          </reporter-output>
        </test-method> <!-- jsonbodyNested -->
      </class> <!-- IBM.RestAssuredAssignment.RestAssuredJavaClass -->
    </test> <!-- Default test -->
  </suite> <!-- Default suite -->
</testng-results>
